<?xml version="1.0" encoding="UTF-8"?>
<!-- Generated by org.testng.reporters.JUnitReportReporter -->
<testsuite hostname="Varinder1069-PC" name="stocksuite.SellPortFolioStockTest" tests="1" failures="0" timestamp="23 Jun 2015 14:12:13 GMT" time="26.617" errors="0">
  <testcase name="addPortfolioNewStockTest" time="26.617" classname="stocksuite.SellPortFolioStockTest"/>
</testsuite> <!-- stocksuite.SellPortFolioStockTest -->
