<?xml version="1.0" encoding="UTF-8"?>
<!-- Generated by org.testng.reporters.JUnitReportReporter -->
<testsuite hostname="Varinder1069-PC" name="stocksuite.AddPortFolioNewStockTest" tests="1" failures="0" timestamp="23 Jun 2015 14:11:11 GMT" time="60.692" errors="0">
  <testcase name="addPortfolioNewStockTest" time="60.692" classname="stocksuite.AddPortFolioNewStockTest"/>
</testsuite> <!-- stocksuite.AddPortFolioNewStockTest -->
