<?xml version="1.0" encoding="UTF-8"?>
<!-- Generated by org.testng.reporters.JUnitReportReporter -->
<testsuite hostname="Varinder1069-PC" name="stocksuite.TransactionHistoryTest" tests="1" failures="0" timestamp="17 Jun 2015 07:40:34 GMT" time="26.825" errors="0">
  <testcase name="addPortfolioNewStockTest" time="26.825" classname="stocksuite.TransactionHistoryTest"/>
</testsuite> <!-- stocksuite.TransactionHistoryTest -->
