<?xml version="1.0" encoding="UTF-8"?>
<!-- Generated by org.testng.reporters.JUnitReportReporter -->
<testsuite hostname="Varinder1069-PC" name="stocksuite.DeleteStockTest" tests="1" failures="0" timestamp="16 Jun 2015 14:05:17 GMT" time="105.918" errors="0">
  <testcase name="addPortfolioNewStockTest" time="105.918" classname="stocksuite.DeleteStockTest"/>
</testsuite> <!-- stocksuite.DeleteStockTest -->
