<?xml version="1.0" encoding="UTF-8"?>
<!-- Generated by org.testng.reporters.JUnitReportReporter -->
<testsuite hostname="Varinder1069-PC" name="ProfileTest" tests="3" failures="0" timestamp="16 Jun 2015 13:39:18 GMT" time="41.267" errors="0">
  <testcase name="renameProfileTest" time="12.400" classname="ProfileTest"/>
  <testcase name="deleteProfileTest" time="0.974" classname="ProfileTest"/>
  <testcase name="createProfileTest" time="27.893" classname="ProfileTest"/>
</testsuite> <!-- ProfileTest -->
